F:\TRACKING\MYTLD\BUILD\VC11\MYTLD\DEBUG\CONFIG.OBJ
F:\TRACKING\MYTLD\BUILD\VC11\MYTLD\DEBUG\GUI.OBJ
F:\TRACKING\MYTLD\BUILD\VC11\MYTLD\DEBUG\MAIN.OBJ
F:\TRACKING\MYTLD\BUILD\VC11\MYTLD\DEBUG\SETTINGS.OBJ
F:\TRACKING\MYTLD\BUILD\VC11\MYTLD\DEBUG\BB.OBJ
F:\TRACKING\MYTLD\BUILD\VC11\MYTLD\DEBUG\BB_PREDICT.OBJ
F:\TRACKING\MYTLD\BUILD\VC11\MYTLD\DEBUG\FBTRACK.OBJ
F:\TRACKING\MYTLD\BUILD\VC11\MYTLD\DEBUG\LK.OBJ
F:\TRACKING\MYTLD\BUILD\VC11\MYTLD\DEBUG\MEDIAN.OBJ
F:\TRACKING\MYTLD\BUILD\VC11\MYTLD\DEBUG\RUNTLD.OBJ
F:\TRACKING\MYTLD\BUILD\VC11\MYTLD\DEBUG\CLUSTERING.OBJ
F:\TRACKING\MYTLD\BUILD\VC11\MYTLD\DEBUG\DETECTIONRESULT.OBJ
F:\TRACKING\MYTLD\BUILD\VC11\MYTLD\DEBUG\DETECTORCASCADE.OBJ
F:\TRACKING\MYTLD\BUILD\VC11\MYTLD\DEBUG\ENSEMBLECLASSIFIER.OBJ
F:\TRACKING\MYTLD\BUILD\VC11\MYTLD\DEBUG\FOREGROUNDDETECTOR.OBJ
F:\TRACKING\MYTLD\BUILD\VC11\MYTLD\DEBUG\MEDIANFLOWTRACKER.OBJ
F:\TRACKING\MYTLD\BUILD\VC11\MYTLD\DEBUG\NNCLASSIFIER.OBJ
F:\TRACKING\MYTLD\BUILD\VC11\MYTLD\DEBUG\TLD.OBJ
F:\TRACKING\MYTLD\BUILD\VC11\MYTLD\DEBUG\TLDUTIL.OBJ
F:\TRACKING\MYTLD\BUILD\VC11\MYTLD\DEBUG\VARIANCEFILTER.OBJ
F:\TRACKING\MYTLD\BUILD\VC11\MYTLD\DEBUG\BLOB.OBJ
F:\TRACKING\MYTLD\BUILD\VC11\MYTLD\DEBUG\BLOBCONTOUR.OBJ
F:\TRACKING\MYTLD\BUILD\VC11\MYTLD\DEBUG\BLOBOPERATORS.OBJ
F:\TRACKING\MYTLD\BUILD\VC11\MYTLD\DEBUG\BLOBPROPERTIES.OBJ
F:\TRACKING\MYTLD\BUILD\VC11\MYTLD\DEBUG\BLOBRESULT.OBJ
F:\TRACKING\MYTLD\BUILD\VC11\MYTLD\DEBUG\COMPONENTLABELING.OBJ
F:\TRACKING\MYTLD\BUILD\VC11\MYTLD\DEBUG\IMACQ.OBJ
F:\TRACKING\MYTLD\BUILD\VC11\MYTLD\DEBUG\VC110.PDB
F:\TRACKING\MYTLD\BUILD\VC11\BIN\MYTLDD.ILK
F:\TRACKING\MYTLD\BUILD\VC11\BIN\MYTLDD.EXE
F:\TRACKING\MYTLD\BUILD\VC11\BIN\MYTLDD.PDB
F:\tracking\MyTLD\build\vc11\MyTLD\Debug\bb.obj
F:\tracking\MyTLD\build\vc11\MyTLD\Debug\bb_predict.obj
F:\tracking\MyTLD\build\vc11\MyTLD\Debug\blob.obj
F:\tracking\MyTLD\build\vc11\MyTLD\Debug\BlobContour.obj
F:\tracking\MyTLD\build\vc11\MyTLD\Debug\BlobOperators.obj
F:\tracking\MyTLD\build\vc11\MyTLD\Debug\BlobProperties.obj
F:\tracking\MyTLD\build\vc11\MyTLD\Debug\BlobResult.obj
F:\tracking\MyTLD\build\vc11\MyTLD\Debug\Clustering.obj
F:\tracking\MyTLD\build\vc11\MyTLD\Debug\ComponentLabeling.obj
F:\tracking\MyTLD\build\vc11\MyTLD\Debug\config.obj
F:\tracking\MyTLD\build\vc11\MyTLD\Debug\DetectionResult.obj
F:\tracking\MyTLD\build\vc11\MyTLD\Debug\DetectorCascade.obj
F:\tracking\MyTLD\build\vc11\MyTLD\Debug\EnsembleClassifier.obj
F:\tracking\MyTLD\build\vc11\MyTLD\Debug\fbtrack.obj
F:\tracking\MyTLD\build\vc11\MyTLD\Debug\ForegroundDetector.obj
F:\tracking\MyTLD\build\vc11\MyTLD\Debug\gui.obj
F:\tracking\MyTLD\build\vc11\MyTLD\Debug\imAcq.obj
F:\tracking\MyTLD\build\vc11\MyTLD\Debug\lk.obj
F:\tracking\MyTLD\build\vc11\MyTLD\Debug\Main.obj
F:\tracking\MyTLD\build\vc11\MyTLD\Debug\median.obj
F:\tracking\MyTLD\build\vc11\MyTLD\Debug\MedianFlowTracker.obj
F:\tracking\MyTLD\build\vc11\MyTLD\Debug\NNClassifier.obj
F:\tracking\MyTLD\build\vc11\MyTLD\Debug\runtld.obj
F:\tracking\MyTLD\build\vc11\MyTLD\Debug\settings.obj
F:\tracking\MyTLD\build\vc11\MyTLD\Debug\TLD.obj
F:\tracking\MyTLD\build\vc11\MyTLD\Debug\TLDUtil.obj
F:\tracking\MyTLD\build\vc11\MyTLD\Debug\VarianceFilter.obj
F:\tracking\MyTLD\build\vc11\MyTLD\Debug\cl.command.1.tlog
F:\tracking\MyTLD\build\vc11\MyTLD\Debug\CL.read.1.tlog
F:\tracking\MyTLD\build\vc11\MyTLD\Debug\CL.write.1.tlog
F:\tracking\MyTLD\build\vc11\MyTLD\Debug\link-cvtres.read.1.tlog
F:\tracking\MyTLD\build\vc11\MyTLD\Debug\link-cvtres.write.1.tlog
F:\tracking\MyTLD\build\vc11\MyTLD\Debug\link-rc.read.1.tlog
F:\tracking\MyTLD\build\vc11\MyTLD\Debug\link-rc.write.1.tlog
F:\tracking\MyTLD\build\vc11\MyTLD\Debug\link.command.1.tlog
F:\tracking\MyTLD\build\vc11\MyTLD\Debug\link.read.1.tlog
F:\tracking\MyTLD\build\vc11\MyTLD\Debug\link.write.1.tlog
F:\tracking\MyTLD\build\vc11\MyTLD\Debug\vc110.idb
F:\tracking\MyTLD\build\vc11\MyTLD\Debug\vc110.pdb
F:\tracking\MyTLD\build\vc11\MyTLD\.\..\bin\MyTLDD.exe
